<?xml version="1.0" encoding="UTF-8"?>
<!-- Generated by org.testng.reporters.JUnitReportReporter -->
<testsuite hostname="HYDMBCP1656" failures="0" tests="1" name="APITesting.HTTPValidation" time="7.556" errors="0" timestamp="2024-05-02T16:00:25 IST" skipped="0">
  <testcase classname="APITesting.HTTPValidation" name="getBookDetails" time="7.556"/>
</testsuite> <!-- APITesting.HTTPValidation -->
