<?xml version="1.0" encoding="UTF-8"?>
<!-- Generated by org.testng.reporters.JUnitReportReporter -->
<testsuite hostname="HYDMBCP1656" failures="0" tests="4" name="APITests.UserTest" time="9.517" errors="0" timestamp="2024-05-07T13:54:18 IST" skipped="0">
  <testcase classname="APITests.UserTest" name="testCreateUser" time="7.733"/>
  <testcase classname="APITests.UserTest" name="testGetUser" time="0.673"/>
  <testcase classname="APITests.UserTest" name="testUpdateUser" time="0.571"/>
  <testcase classname="APITests.UserTest" name="testDeleteUser" time="0.540"/>
</testsuite> <!-- APITests.UserTest -->
