<?xml version="1.0" encoding="UTF-8"?>
<!-- Generated by org.testng.reporters.JUnitReportReporter -->
<testsuite hostname="HYDMBCP1656" failures="0" tests="4" name="APITests.UserTest2" time="6.437" errors="0" timestamp="2024-05-07T14:54:28 IST" skipped="0">
  <testcase classname="APITests.UserTest2" name="testCreateUser" time="4.350"/>
  <testcase classname="APITests.UserTest2" name="testGetUser" time="0.474"/>
  <testcase classname="APITests.UserTest2" name="testUpdateUser" time="1.048"/>
  <testcase classname="APITests.UserTest2" name="testDeleteUser" time="0.565"/>
</testsuite> <!-- APITests.UserTest2 -->
