<?xml version="1.0" encoding="UTF-8"?>
<!-- Generated by org.testng.reporters.JUnitReportReporter -->
<testsuite hostname="HYDMBCP1656" failures="0" tests="4" name="APITests.UserTest1" time="9.958" errors="0" timestamp="2024-05-07T14:25:15 IST" skipped="0">
  <testcase classname="APITests.UserTest1" name="testCreateUser" time="8.290"/>
  <testcase classname="APITests.UserTest1" name="testGetUser" time="0.707"/>
  <testcase classname="APITests.UserTest1" name="testUpdateUser" time="0.474"/>
  <testcase classname="APITests.UserTest1" name="testDeleteUser" time="0.487"/>
</testsuite> <!-- APITests.UserTest1 -->
