<?xml version="1.0" encoding="UTF-8"?>
<!-- Generated by org.testng.reporters.JUnitReportReporter -->
<testsuite hostname="HYDMBCP1656" failures="0" tests="1" name="test.testCases" time="20.235" errors="0" timestamp="2024-05-02T16:13:06 IST" skipped="0">
  <testcase classname="test.testCases" name="testWorldPopulation1" time="20.235"/>
</testsuite> <!-- test.testCases -->
